#
# There is insufficient memory for the Java Runtime Environment to continue.
# Native memory allocation (malloc) failed to allocate 940256 bytes for Chunk::new
# Possible reasons:
#   The system is out of physical RAM or swap space
#   In 32 bit mode, the process size limit was hit
# Possible solutions:
#   Reduce memory load on the system
#   Increase physical memory or swap space
#   Check if swap backing store is full
#   Use 64 bit Java on a 64 bit OS
#   Decrease Java heap size (-Xmx/-Xms)
#   Decrease number of Java threads
#   Decrease Java thread stack sizes (-Xss)
#   Set larger code cache with -XX:ReservedCodeCacheSize=
# This output file may be truncated or incomplete.
#
#  Out of Memory Error (allocation.cpp:390), pid=12628, tid=0x00000000000033f8
#
# JRE version: OpenJDK Runtime Environment (8.0_112-b06) (build 1.8.0_112-release-b06)
# Java VM: OpenJDK 64-Bit Server VM (25.112-b06 mixed mode windows-amd64 )
# Failed to write core dump. Minidumps are not enabled by default on client versions of Windows
#

---------------  T H R E A D  ---------------

Current thread (0x0000000023e4f800):  JavaThread "C2 CompilerThread1" daemon [_thread_in_native, id=13304, stack(0x0000000025590000,0x0000000025690000)]

Stack: [0x0000000025590000,0x0000000025690000]
[error occurred during error reporting (printing stack bounds), id 0xc0000005]

Native frames: (J=compiled Java code, j=interpreted, Vv=VM code, C=native code)


Current CompileTask:
C2:  33162 3136       4       com.android.dx.dex.file.ClassDefItem::addContents (201 bytes)


---------------  P R O C E S S  ---------------

Java Threads: ( => current thread )
  0x0000000025eb8800 JavaThread "pool-1-thread-1" [_thread_in_Java, id=9084, stack(0x0000000028a30000,0x0000000028b30000)]
  0x0000000025eb7800 JavaThread "pool-2-thread-4" [_thread_in_Java, id=5620, stack(0x0000000026990000,0x0000000026a90000)]
  0x0000000025eb5000 JavaThread "pool-2-thread-3" [_thread_in_Java, id=7352, stack(0x0000000026890000,0x0000000026990000)]
  0x0000000025b70000 JavaThread "pool-2-thread-2" [_thread_in_Java, id=14152, stack(0x0000000026790000,0x0000000026890000)]
  0x0000000025b6d800 JavaThread "pool-3-thread-1" [_thread_blocked, id=12740, stack(0x0000000026690000,0x0000000026790000)]
  0x0000000025b6c800 JavaThread "pool-2-thread-1" [_thread_in_Java, id=5396, stack(0x0000000026590000,0x0000000026690000)]
  0x00000000257bb000 JavaThread "Service Thread" daemon [_thread_blocked, id=14324, stack(0x0000000025b90000,0x0000000025c90000)]
  0x0000000023e53800 JavaThread "C1 CompilerThread2" daemon [_thread_blocked, id=4016, stack(0x0000000025690000,0x0000000025790000)]
=>0x0000000023e4f800 JavaThread "C2 CompilerThread1" daemon [_thread_in_native, id=13304, stack(0x0000000025590000,0x0000000025690000)]
  0x0000000023e4d800 JavaThread "C2 CompilerThread0" daemon [_thread_in_native, id=3324, stack(0x0000000025490000,0x0000000025590000)]
  0x0000000023e4c000 JavaThread "Attach Listener" daemon [_thread_blocked, id=7588, stack(0x0000000025390000,0x0000000025490000)]
  0x0000000023e4a800 JavaThread "Signal Dispatcher" daemon [_thread_blocked, id=5768, stack(0x0000000025290000,0x0000000025390000)]
  0x000000000198b000 JavaThread "Finalizer" daemon [_thread_blocked, id=12916, stack(0x00000000250a0000,0x00000000251a0000)]
  0x0000000001980000 JavaThread "Reference Handler" daemon [_thread_blocked, id=13808, stack(0x0000000024fa0000,0x00000000250a0000)]
  0x0000000001890800 JavaThread "main" [_thread_in_native, id=4188, stack(0x00000000016f0000,0x00000000017f0000)]

Other Threads:
  0x0000000023e14800 VMThread [stack: 0x0000000024ea0000,0x0000000024fa0000] [id=9020]
  0x00000000257bd800 WatcherThread [stack: 0x0000000025c90000,0x0000000025d90000] [id=5108]

VM state:not at safepoint (normal execution)

VM Mutex/Monitor currently owned by a thread: None

Heap:
 PSYoungGen      total 1361920K, used 469603K [0x00000008d5580000, 0x0000000940800000, 0x0000000d00000000)
  eden space 986624K, 26% used [0x00000008d5580000,0x00000008e50d3c88,0x0000000911900000)
  from space 375296K, 56% used [0x0000000911900000,0x000000091e845118,0x0000000928780000)
  to   space 374272K, 0% used [0x0000000928780000,0x0000000928780000,0x000000093f500000)
 ParOldGen       total 1402880K, used 966243K [0x0000000080000000, 0x00000000d5a00000, 0x00000008d5580000)
  object space 1402880K, 68% used [0x0000000080000000,0x00000000baf98f10,0x00000000d5a00000)
 Metaspace       used 6536K, capacity 6920K, committed 7168K, reserved 8192K

Card table byte_map: [0x0000000012400000,0x0000000018810000] byte_map_base: 0x0000000012000000

Marking Bits: (ParMarkBitMap*) 0x00000000673f18f0
 Begin Bits: [0x0000000d00000000, 0x0000000d32000000)
 End Bits:   [0x0000000d32000000, 0x0000000d64000000)

Polling page: 0x00000000012d0000

CodeCache: size=245760Kb used=11084Kb max_used=14881Kb free=234675Kb
 bounds [0x0000000003400000, 0x00000000042a0000, 0x0000000012400000]
 total_blobs=2641 nmethods=2378 adapters=176
 compilation: enabled

Compilation events (10 events):
Event: 32.453 Thread 0x0000000023e4d800 nmethod 3138 0x0000000003be1c10 code [0x0000000003be1d60, 0x0000000003be1e18]
Event: 32.491 Thread 0x0000000023e53800 3152       3       com.android.dx.ssa.back.FirstFitLocalCombiningAllocator::findAnyFittingRange (189 bytes)
Event: 32.492 Thread 0x0000000023e53800 nmethod 3152 0x000000000378ddd0 code [0x000000000378dfc0, 0x000000000378e918]
Event: 32.925 Thread 0x0000000023e53800 3153       3       java.util.ComparableTimSort::gallopRight (327 bytes)
Event: 32.926 Thread 0x0000000023e53800 nmethod 3153 0x00000000039dd010 code [0x00000000039dd200, 0x00000000039ddcb8]
Event: 32.926 Thread 0x0000000023e53800 3154       3       java.util.ComparableTimSort::gallopLeft (327 bytes)
Event: 32.927 Thread 0x0000000023e53800 nmethod 3154 0x00000000035bb690 code [0x00000000035bb880, 0x00000000035bc318]
Event: 32.930 Thread 0x0000000023e53800 3155       3       java.util.ComparableTimSort::mergeCollapse (101 bytes)
Event: 32.931 Thread 0x0000000023e53800 nmethod 3155 0x0000000003d6b090 code [0x0000000003d6b220, 0x0000000003d6b638]
Event: 32.936 Thread 0x0000000023e4d800 3156       4       com.android.dx.dex.file.ClassDataItem::addContents (207 bytes)

GC Heap History (10 events):
Event: 23.028 GC heap before
{Heap before GC invocations=20 (full 4):
 PSYoungGen      total 1009152K, used 856893K [0x00000008d5580000, 0x000000092ca00000, 0x0000000d00000000)
  eden space 743936K, 100% used [0x00000008d5580000,0x0000000902c00000,0x0000000902c00000)
  from space 265216K, 42% used [0x0000000902c00000,0x0000000909a4f5c0,0x0000000912f00000)
  to   space 261120K, 0% used [0x000000091cb00000,0x000000091cb00000,0x000000092ca00000)
 ParOldGen       total 966656K, used 633684K [0x0000000080000000, 0x00000000bb000000, 0x00000008d5580000)
  object space 966656K, 65% used [0x0000000080000000,0x00000000a6ad51b0,0x00000000bb000000)
 Metaspace       used 6461K, capacity 6856K, committed 6912K, reserved 8192K
Event: 23.450 GC heap after
Heap after GC invocations=20 (full 4):
 PSYoungGen      total 1136640K, used 227069K [0x00000008d5580000, 0x000000092f280000, 0x0000000d00000000)
  eden space 875520K, 0% used [0x00000008d5580000,0x00000008d5580000,0x000000090ac80000)
  from space 261120K, 86% used [0x000000091cb00000,0x000000092a8bf4f0,0x000000092ca00000)
  to   space 293376K, 0% used [0x000000090ac80000,0x000000090ac80000,0x000000091cb00000)
 ParOldGen       total 966656K, used 633692K [0x0000000080000000, 0x00000000bb000000, 0x00000008d5580000)
  object space 966656K, 65% used [0x0000000080000000,0x00000000a6ad71b0,0x00000000bb000000)
 Metaspace       used 6461K, capacity 6856K, committed 6912K, reserved 8192K
}
Event: 25.382 GC heap before
{Heap before GC invocations=21 (full 4):
 PSYoungGen      total 1136640K, used 1102589K [0x00000008d5580000, 0x000000092f280000, 0x0000000d00000000)
  eden space 875520K, 100% used [0x00000008d5580000,0x000000090ac80000,0x000000090ac80000)
  from space 261120K, 86% used [0x000000091cb00000,0x000000092a8bf4f0,0x000000092ca00000)
  to   space 293376K, 0% used [0x000000090ac80000,0x000000090ac80000,0x000000091cb00000)
 ParOldGen       total 966656K, used 633692K [0x0000000080000000, 0x00000000bb000000, 0x00000008d5580000)
  object space 966656K, 65% used [0x0000000080000000,0x00000000a6ad71b0,0x00000000bb000000)
 Metaspace       used 6461K, capacity 6856K, committed 6912K, reserved 8192K
Event: 25.663 GC heap after
Heap after GC invocations=21 (full 4):
 PSYoungGen      total 1168896K, used 293368K [0x00000008d5580000, 0x000000093f500000, 0x0000000d00000000)
  eden space 875520K, 0% used [0x00000008d5580000,0x00000008d5580000,0x000000090ac80000)
  from space 293376K, 99% used [0x000000090ac80000,0x000000091cafe270,0x000000091cb00000)
  to   space 374272K, 0% used [0x0000000928780000,0x0000000928780000,0x000000093f500000)
 ParOldGen       total 966656K, used 717406K [0x0000000080000000, 0x00000000bb000000, 0x00000008d5580000)
  object space 966656K, 74% used [0x0000000080000000,0x00000000abc979d0,0x00000000bb000000)
 Metaspace       used 6461K, capacity 6856K, committed 6912K, reserved 8192K
}
Event: 26.840 GC heap before
{Heap before GC invocations=22 (full 4):
 PSYoungGen      total 1168896K, used 1168888K [0x00000008d5580000, 0x000000093f500000, 0x0000000d00000000)
  eden space 875520K, 100% used [0x00000008d5580000,0x000000090ac80000,0x000000090ac80000)
  from space 293376K, 99% used [0x000000090ac80000,0x000000091cafe270,0x000000091cb00000)
  to   space 374272K, 0% used [0x0000000928780000,0x0000000928780000,0x000000093f500000)
 ParOldGen       total 966656K, used 717406K [0x0000000080000000, 0x00000000bb000000, 0x00000008d5580000)
  object space 966656K, 74% used [0x0000000080000000,0x00000000abc979d0,0x00000000bb000000)
 Metaspace       used 6461K, capacity 6856K, committed 6912K, reserved 8192K
Event: 27.213 GC heap after
Heap after GC invocations=22 (full 4):
 PSYoungGen      total 1360896K, used 203305K [0x00000008d5580000, 0x0000000940800000, 0x0000000d00000000)
  eden space 986624K, 0% used [0x00000008d5580000,0x00000008d5580000,0x0000000911900000)
  from space 374272K, 54% used [0x0000000928780000,0x0000000934e0a688,0x000000093f500000)
  to   space 375296K, 0% used [0x0000000911900000,0x0000000911900000,0x0000000928780000)
 ParOldGen       total 966656K, used 929124K [0x0000000080000000, 0x00000000bb000000, 0x00000008d5580000)
  object space 966656K, 96% used [0x0000000080000000,0x00000000b8b591a0,0x00000000bb000000)
 Metaspace       used 6461K, capacity 6856K, committed 6912K, reserved 8192K
}
Event: 27.213 GC heap before
{Heap before GC invocations=23 (full 5):
 PSYoungGen      total 1360896K, used 203305K [0x00000008d5580000, 0x0000000940800000, 0x0000000d00000000)
  eden space 986624K, 0% used [0x00000008d5580000,0x00000008d5580000,0x0000000911900000)
  from space 374272K, 54% used [0x0000000928780000,0x0000000934e0a688,0x000000093f500000)
  to   space 375296K, 0% used [0x0000000911900000,0x0000000911900000,0x0000000928780000)
 ParOldGen       total 966656K, used 929124K [0x0000000080000000, 0x00000000bb000000, 0x00000008d5580000)
  object space 966656K, 96% used [0x0000000080000000,0x00000000b8b591a0,0x00000000bb000000)
 Metaspace       used 6461K, capacity 6856K, committed 6912K, reserved 8192K
Event: 31.214 GC heap after
Heap after GC invocations=23 (full 5):
 PSYoungGen      total 1360896K, used 55187K [0x00000008d5580000, 0x0000000940800000, 0x0000000d00000000)
  eden space 986624K, 0% used [0x00000008d5580000,0x00000008d5580000,0x0000000911900000)
  from space 374272K, 14% used [0x0000000928780000,0x000000092bd64c00,0x000000093f500000)
  to   space 375296K, 0% used [0x0000000911900000,0x0000000911900000,0x0000000928780000)
 ParOldGen       total 1402880K, used 966243K [0x0000000080000000, 0x00000000d5a00000, 0x00000008d5580000)
  object space 1402880K, 68% used [0x0000000080000000,0x00000000baf98f10,0x00000000d5a00000)
 Metaspace       used 6461K, capacity 6856K, committed 6912K, reserved 8192K
}
Event: 32.493 GC heap before
{Heap before GC invocations=24 (full 5):
 PSYoungGen      total 1360896K, used 1041811K [0x00000008d5580000, 0x0000000940800000, 0x0000000d00000000)
  eden space 986624K, 100% used [0x00000008d5580000,0x0000000911900000,0x0000000911900000)
  from space 374272K, 14% used [0x0000000928780000,0x000000092bd64c00,0x000000093f500000)
  to   space 375296K, 0% used [0x0000000911900000,0x0000000911900000,0x0000000928780000)
 ParOldGen       total 1402880K, used 966243K [0x0000000080000000, 0x00000000d5a00000, 0x00000008d5580000)
  object space 1402880K, 68% used [0x0000000080000000,0x00000000baf98f10,0x00000000d5a00000)
 Metaspace       used 6526K, capacity 6920K, committed 7168K, reserved 8192K
Event: 32.920 GC heap after
Heap after GC invocations=24 (full 5):
 PSYoungGen      total 1361920K, used 212244K [0x00000008d5580000, 0x0000000940800000, 0x0000000d00000000)
  eden space 986624K, 0% used [0x00000008d5580000,0x00000008d5580000,0x0000000911900000)
  from space 375296K, 56% used [0x0000000911900000,0x000000091e845118,0x0000000928780000)
  to   space 374272K, 0% used [0x0000000928780000,0x0000000928780000,0x000000093f500000)
 ParOldGen       total 1402880K, used 966243K [0x0000000080000000, 0x00000000d5a00000, 0x00000008d5580000)
  object space 1402880K, 68% used [0x0000000080000000,0x00000000baf98f10,0x00000000d5a00000)
 Metaspace       used 6526K, capacity 6920K, committed 7168K, reserved 8192K
}

Deoptimization events (10 events):
Event: 24.630 Thread 0x0000000025b70000 Uncommon trap: reason=class_check action=maybe_recompile pc=0x0000000004088ad0 method=com.android.dx.util.BitIntSet.merge(Lcom/android/dx/util/IntSet;)V @ 1
Event: 31.352 Thread 0x0000000001890800 Uncommon trap: reason=unstable_if action=reinterpret pc=0x00000000035772e4 method=com.android.dx.ssa.SCCP.simulateStmt(Lcom/android/dx/ssa/SsaInsn;)V @ 59
Event: 31.642 Thread 0x0000000001890800 Uncommon trap: reason=unstable_if action=reinterpret pc=0x0000000003540bf4 method=com.android.dx.ssa.InterferenceRegisterMapper.areAnyPinned(Lcom/android/dx/rop/code/RegisterSpecList;II)Z @ 55
Event: 31.643 Thread 0x0000000001890800 Uncommon trap: reason=unstable_if action=reinterpret pc=0x0000000003fc0820 method=java.util.HashMap$TreeNode.find(ILjava/lang/Object;Ljava/lang/Class;)Ljava/util/HashMap$TreeNode; @ 102
Event: 32.264 Thread 0x0000000025eb8800 Uncommon trap: reason=class_check action=maybe_recompile pc=0x00000000039ecdb8 method=java.util.Arrays.hashCode([Ljava/lang/Object;)I @ 43
Event: 32.264 Thread 0x0000000025eb8800 Uncommon trap: reason=class_check action=maybe_recompile pc=0x00000000039ecdb8 method=java.util.Arrays.hashCode([Ljava/lang/Object;)I @ 43
Event: 32.264 Thread 0x0000000025eb8800 Uncommon trap: reason=class_check action=maybe_recompile pc=0x00000000039ecdb8 method=java.util.Arrays.hashCode([Ljava/lang/Object;)I @ 43
Event: 32.264 Thread 0x0000000025eb8800 Uncommon trap: reason=class_check action=maybe_recompile pc=0x00000000039ecdb8 method=java.util.Arrays.hashCode([Ljava/lang/Object;)I @ 43
Event: 32.264 Thread 0x0000000025eb8800 Uncommon trap: reason=class_check action=maybe_recompile pc=0x00000000039d2210 method=java.util.Arrays.hashCode([Ljava/lang/Object;)I @ 43
Event: 32.264 Thread 0x0000000025eb8800 Uncommon trap: reason=unstable_if action=reinterpret pc=0x0000000003704ecc method=java.util.Arrays.sort([Ljava/lang/Object;IILjava/util/Comparator;)V @ 1

Internal exceptions (10 events):
Event: 0.880 Thread 0x0000000025eb5000 Implicit null exception at 0x0000000003730652 to 0x000000000373074b
Event: 0.974 Thread 0x0000000025b70000 Implicit null exception at 0x00000000037fa681 to 0x00000000037fb6b1
Event: 1.584 Thread 0x0000000025eb5000 Implicit null exception at 0x0000000003a9c006 to 0x0000000003a9dda5
Event: 1.589 Thread 0x0000000025eb5000 Implicit null exception at 0x0000000003a14656 to 0x0000000003a14811
Event: 1.699 Thread 0x0000000025b70000 Exception <a 'java/lang/ArrayIndexOutOfBoundsException': 18> (0x00000008d7eb7fd0) thrown at [C:\src\android\AOSP-openjdk\external\jetbrains\jdk\hotspot\src\share\vm\interpreter\interpreterRuntime.cpp, line 366]
Event: 1.699 Thread 0x0000000025b70000 Exception <a 'java/lang/ArrayIndexOutOfBoundsException': 145> (0x00000008d7eba428) thrown at [C:\src\android\AOSP-openjdk\external\jetbrains\jdk\hotspot\src\share\vm\interpreter\interpreterRuntime.cpp, line 366]
Event: 1.700 Thread 0x0000000025b70000 Exception <a 'java/lang/ArrayIndexOutOfBoundsException'> (0x00000008d7ebbd50) thrown at [C:\src\android\AOSP-openjdk\external\jetbrains\jdk\hotspot\src\share\vm\runtime\sharedRuntime.cpp, line 605]
Event: 4.892 Thread 0x0000000001890800 Implicit null exception at 0x0000000003ca2f68 to 0x0000000003cad305
Event: 9.978 Thread 0x0000000001890800 Implicit null exception at 0x0000000003573c60 to 0x00000000035744ed
Event: 32.264 Thread 0x0000000025eb8800 Implicit null exception at 0x00000000037039a1 to 0x0000000003704eb1

Events (10 events):
Event: 32.264 Thread 0x0000000025eb8800 DEOPT UNPACKING pc=0x000000000344556a sp=0x0000000028b2e828 mode 2
Event: 32.264 Thread 0x0000000025eb8800 Uncommon trap: trap_request=0xffffff65 fr.pc=0x0000000003704ecc
Event: 32.264 Thread 0x0000000025eb8800 DEOPT PACKING pc=0x0000000003704ecc sp=0x0000000028b2eba0
Event: 32.264 Thread 0x0000000025eb8800 DEOPT UNPACKING pc=0x000000000344556a sp=0x0000000028b2eb98 mode 2
Event: 32.266 loading class com/android/dx/rop/cst/Zeroes
Event: 32.266 loading class com/android/dx/rop/cst/Zeroes done
Event: 32.389 Executing VM operation: RevokeBias
Event: 32.389 Executing VM operation: RevokeBias done
Event: 32.492 Executing VM operation: ParallelGCFailedAllocation
Event: 32.920 Executing VM operation: ParallelGCFailedAllocation done


Dynamic libraries:
0x00007ff7ebc70000 - 0x00007ff7ebca1000 	C:\Program Files\Android\Android Studio\jre\bin\java.exe
0x00007fff75380000 - 0x00007fff75551000 	C:\WINDOWS\SYSTEM32\ntdll.dll
0x00007fff73760000 - 0x00007fff7380b000 	C:\WINDOWS\System32\KERNEL32.DLL
0x00007fff71c60000 - 0x00007fff71e7d000 	C:\WINDOWS\System32\KERNELBASE.dll
0x00007fff72a80000 - 0x00007fff72b22000 	C:\WINDOWS\System32\ADVAPI32.dll
0x00007fff73120000 - 0x00007fff731be000 	C:\WINDOWS\System32\msvcrt.dll
0x00007fff73840000 - 0x00007fff73899000 	C:\WINDOWS\System32\sechost.dll
0x00007fff72b30000 - 0x00007fff72c51000 	C:\WINDOWS\System32\RPCRT4.dll
0x00007fff72910000 - 0x00007fff72a75000 	C:\WINDOWS\System32\USER32.dll
0x00007fff71ac0000 - 0x00007fff71ade000 	C:\WINDOWS\System32\win32u.dll
0x00007fff72d00000 - 0x00007fff72d34000 	C:\WINDOWS\System32\GDI32.dll
0x00007fff71e80000 - 0x00007fff72002000 	C:\WINDOWS\System32\gdi32full.dll
0x00007fff66140000 - 0x00007fff663ba000 	C:\WINDOWS\WinSxS\amd64_microsoft.windows.common-controls_6595b64144ccf1df_6.0.14393.953_none_42151e83c686086b\COMCTL32.dll
0x00007fff73390000 - 0x00007fff73658000 	C:\WINDOWS\System32\combase.dll
0x00007fff71910000 - 0x00007fff71a05000 	C:\WINDOWS\System32\ucrtbase.dll
0x00007fff71b90000 - 0x00007fff71bfa000 	C:\WINDOWS\System32\bcryptPrimitives.dll
0x00007fff73810000 - 0x00007fff7383e000 	C:\WINDOWS\System32\IMM32.DLL
0x0000000066a70000 - 0x0000000066b42000 	C:\Program Files\Android\Android Studio\jre\jre\bin\msvcr100.dll
0x0000000066c30000 - 0x000000006746c000 	C:\Program Files\Android\Android Studio\jre\jre\bin\server\jvm.dll
0x00007fff730f0000 - 0x00007fff730f8000 	C:\WINDOWS\System32\PSAPI.DLL
0x00007fff5ef80000 - 0x00007fff5ef89000 	C:\WINDOWS\SYSTEM32\WSOCK32.dll
0x00007fff6f720000 - 0x00007fff6f743000 	C:\WINDOWS\SYSTEM32\WINMM.dll
0x00007fff648a0000 - 0x00007fff648aa000 	C:\WINDOWS\SYSTEM32\VERSION.dll
0x00007fff72d40000 - 0x00007fff72daa000 	C:\WINDOWS\System32\WS2_32.dll
0x00007fff6f6c0000 - 0x00007fff6f6eb000 	C:\WINDOWS\SYSTEM32\WINMMBASE.dll
0x00007fff72010000 - 0x00007fff72052000 	C:\WINDOWS\System32\cfgmgr32.dll
0x00007fff69620000 - 0x00007fff6962f000 	C:\Program Files\Android\Android Studio\jre\jre\bin\verify.dll
0x00007fff4fd70000 - 0x00007fff4fd99000 	C:\Program Files\Android\Android Studio\jre\jre\bin\java.dll
0x00007fff4fd50000 - 0x00007fff4fd66000 	C:\Program Files\Android\Android Studio\jre\jre\bin\zip.dll
0x00007fff73a40000 - 0x00007fff74f48000 	C:\WINDOWS\System32\SHELL32.dll
0x00007fff72230000 - 0x00007fff7290a000 	C:\WINDOWS\System32\windows.storage.dll
0x00007fff717f0000 - 0x00007fff7183c000 	C:\WINDOWS\System32\powrprof.dll
0x00007fff72e20000 - 0x00007fff72e72000 	C:\WINDOWS\System32\shlwapi.dll
0x00007fff717e0000 - 0x00007fff717ef000 	C:\WINDOWS\System32\kernel.appcore.dll
0x00007fff71a10000 - 0x00007fff71ab9000 	C:\WINDOWS\System32\shcore.dll
0x00007fff71850000 - 0x00007fff71864000 	C:\WINDOWS\System32\profapi.dll

VM Arguments:
jvm_args: -Djava.awt.headless=true -Xmx50g -Dfile.encoding=windows-1251 -Duser.country=RU -Duser.language=ru -Duser.variant 
java_command: com.android.dx.command.Main --dex --num-threads=4 --multi-dex --main-dex-list C:\Users\User\Documents\GitHub\weather\app\build\intermediates\multi-dex\debug\maindexlist.txt --output C:\Users\User\Documents\GitHub\weather\app\build\intermediates\transforms\dex\debug\folders\1000\1f\main C:\Users\User\Documents\GitHub\weather\app\build\intermediates\transforms\jarMerging\debug\jars\1\1f\combined.jar
java_class_path (initial): C:\Users\User\AppData\Local\Android\sdk\build-tools\25.0.2\lib\dx.jar
Launcher Type: SUN_STANDARD

Environment Variables:
PATH=C:\ProgramData\Oracle\Java\javapath;C:\Program Files\Broadcom\Broadcom 802.11 Network Adapter;C:\Program Files (x86)\NVIDIA Corporation\PhysX\Common;C:\Program Files (x86)\Intel\iCLS Client\;C:\Program Files\Intel\iCLS Client\;C:\Windows\system32;C:\Windows;C:\Windows\System32\Wbem;C:\Windows\System32\WindowsPowerShell\v1.0\;C:\Program Files\Intel\Intel(R) Management Engine Components\DAL;C:\Program Files\Intel\Intel(R) Management Engine Components\IPT;C:\Program Files (x86)\Intel\Intel(R) Management Engine Components\DAL;C:\Program Files (x86)\Intel\Intel(R) Management Engine Components\IPT;C:\Program Files\WIDCOMM\Bluetooth Software\;C:\Program Files\WIDCOMM\Bluetooth Software\syswow64;C:\Program Files\Acer\Remote Files\;C:\Program Files\OpenVPN\bin;C:\WINDOWS\system32;C:\WINDOWS;C:\WINDOWS\System32\Wbem;C:\WINDOWS\System32\WindowsPowerShell\v1.0\;C:\Users\User\AppData\Local\Microsoft\WindowsApps;
USERNAME=User
OS=Windows_NT
PROCESSOR_IDENTIFIER=Intel64 Family 6 Model 69 Stepping 1, GenuineIntel



---------------  S Y S T E M  ---------------

OS: Windows 10.0 , 64 bit Build 14393 (10.0.14393.0)

CPU:total 4 (2 cores per cpu, 2 threads per core) family 6 model 69 stepping 1, cmov, cx8, fxsr, mmx, sse, sse2, sse3, ssse3, sse4.1, sse4.2, popcnt, avx, avx2, aes, clmul, erms, lzcnt, ht, tsc, tscinvbit, bmi1, bmi2

Memory: 4k page, physical 8310040k(1191164k free), swap 12406040k(3648k free)

vm_info: OpenJDK 64-Bit Server VM (25.112-b06) for windows-amd64 JRE (1.8.0_112-release-b06), built on Dec  8 2016 00:54:26 by "builder" with MS VC++ 10.0 (VS2010)

time: Sat Apr 22 21:37:21 2017
elapsed time: 33 seconds (0d 0h 0m 33s)

