#
# There is insufficient memory for the Java Runtime Environment to continue.
# Native memory allocation (malloc) failed to allocate 32744 bytes for ChunkPool::allocate
# Possible reasons:
#   The system is out of physical RAM or swap space
#   In 32 bit mode, the process size limit was hit
# Possible solutions:
#   Reduce memory load on the system
#   Increase physical memory or swap space
#   Check if swap backing store is full
#   Use 64 bit Java on a 64 bit OS
#   Decrease Java heap size (-Xmx/-Xms)
#   Decrease number of Java threads
#   Decrease Java thread stack sizes (-Xss)
#   Set larger code cache with -XX:ReservedCodeCacheSize=
# This output file may be truncated or incomplete.
#
#  Out of Memory Error (allocation.cpp:273), pid=2200, tid=0x00000000000032bc
#
# JRE version: OpenJDK Runtime Environment (8.0_112-b06) (build 1.8.0_112-release-b06)
# Java VM: OpenJDK 64-Bit Server VM (25.112-b06 mixed mode windows-amd64 )
# Failed to write core dump. Minidumps are not enabled by default on client versions of Windows
#

---------------  T H R E A D  ---------------

Current thread (0x0000000023861000):  JavaThread "C2 CompilerThread1" daemon [_thread_in_native, id=12988, stack(0x0000000024fa0000,0x00000000250a0000)]

Stack: [0x0000000024fa0000,0x00000000250a0000]
[error occurred during error reporting (printing stack bounds), id 0xc0000005]

Native frames: (J=compiled Java code, j=interpreted, Vv=VM code, C=native code)


Current CompileTask:
C2:  46218 2970   !   4       com.android.dx.dex.cf.CfTranslator::processMethods (583 bytes)


---------------  P R O C E S S  ---------------

Java Threads: ( => current thread )
  0x0000000025858000 JavaThread "pool-1-thread-1" [_thread_in_Java, id=2208, stack(0x0000000028440000,0x0000000028540000)]
  0x000000002598f000 JavaThread "pool-2-thread-4" [_thread_in_Java, id=1228, stack(0x00000000263a0000,0x00000000264a0000)]
  0x0000000025990000 JavaThread "pool-2-thread-3" [_thread_in_Java, id=12788, stack(0x00000000262a0000,0x00000000263a0000)]
  0x0000000025995000 JavaThread "pool-2-thread-2" [_thread_in_Java, id=9864, stack(0x00000000261a0000,0x00000000262a0000)]
  0x0000000025992800 JavaThread "pool-3-thread-1" [_thread_blocked, id=1456, stack(0x00000000260a0000,0x00000000261a0000)]
  0x000000002598e000 JavaThread "pool-2-thread-1" [_thread_in_Java, id=3856, stack(0x0000000025fa0000,0x00000000260a0000)]
  0x00000000251c8800 JavaThread "Service Thread" daemon [_thread_blocked, id=10172, stack(0x00000000255a0000,0x00000000256a0000)]
  0x0000000023869800 JavaThread "C1 CompilerThread2" daemon [_thread_blocked, id=9364, stack(0x00000000250a0000,0x00000000251a0000)]
=>0x0000000023861000 JavaThread "C2 CompilerThread1" daemon [_thread_in_native, id=12988, stack(0x0000000024fa0000,0x00000000250a0000)]
  0x000000002385e800 JavaThread "C2 CompilerThread0" daemon [_thread_in_native, id=4396, stack(0x0000000024ea0000,0x0000000024fa0000)]
  0x000000002385d800 JavaThread "Attach Listener" daemon [_thread_blocked, id=12704, stack(0x0000000024da0000,0x0000000024ea0000)]
  0x000000002385c000 JavaThread "Signal Dispatcher" daemon [_thread_blocked, id=5996, stack(0x0000000024ca0000,0x0000000024da0000)]
  0x0000000023848800 JavaThread "Finalizer" daemon [_thread_blocked, id=13848, stack(0x0000000024ab0000,0x0000000024bb0000)]
  0x00000000012e3000 JavaThread "Reference Handler" daemon [_thread_blocked, id=6224, stack(0x00000000249b0000,0x0000000024ab0000)]
  0x00000000011f0800 JavaThread "main" [_thread_in_Java, id=8592, stack(0x0000000001040000,0x0000000001140000)]

Other Threads:
  0x0000000023825800 VMThread [stack: 0x00000000248b0000,0x00000000249b0000] [id=720]
  0x00000000238bd000 WatcherThread [stack: 0x00000000256a0000,0x00000000257a0000] [id=13032]

VM state:not at safepoint (normal execution)

VM Mutex/Monitor currently owned by a thread: None

Heap:
 PSYoungGen      total 935936K, used 639986K [0x00000008d5580000, 0x0000000924d00000, 0x0000000d00000000)
  eden space 652800K, 98% used [0x00000008d5580000,0x00000008fc67ca98,0x00000008fd300000)
  from space 283136K, 0% used [0x00000008fd300000,0x00000008fd300000,0x000000090e780000)
  to   space 275968K, 0% used [0x0000000913f80000,0x0000000913f80000,0x0000000924d00000)
 ParOldGen       total 880128K, used 879751K [0x0000000080000000, 0x00000000b5b80000, 0x00000008d5580000)
  object space 880128K, 99% used [0x0000000080000000,0x00000000b5b21e40,0x00000000b5b80000)
 Metaspace       used 6534K, capacity 6920K, committed 7168K, reserved 8192K

Card table byte_map: [0x0000000012400000,0x0000000018810000] byte_map_base: 0x0000000012000000

Marking Bits: (ParMarkBitMap*) 0x0000000066d518f0
 Begin Bits: [0x0000000d00000000, 0x0000000d32000000)
 End Bits:   [0x0000000d32000000, 0x0000000d64000000)

Polling page: 0x0000000000c70000

CodeCache: size=245760Kb used=10700Kb max_used=14987Kb free=235059Kb
 bounds [0x0000000003400000, 0x00000000042c0000, 0x0000000012400000]
 total_blobs=2535 nmethods=2272 adapters=176
 compilation: enabled

Compilation events (10 events):
Event: 45.902 Thread 0x0000000023869800 3094       2       com.android.dx.rop.cst.CstArray$List::compareTo (93 bytes)
Event: 45.903 Thread 0x0000000023869800 nmethod 3094 0x0000000003a1d810 code [0x0000000003a1d9e0, 0x0000000003a1de38]
Event: 45.903 Thread 0x0000000023869800 3093       2       com.android.dx.rop.cst.CstArray::compareTo0 (15 bytes)
Event: 45.903 Thread 0x0000000023869800 nmethod 3093 0x0000000003a1d3d0 code [0x0000000003a1d540, 0x0000000003a1d6e8]
Event: 45.905 Thread 0x0000000023869800 3095       1       com.android.dx.dex.file.AnnotationSetItem::itemType (4 bytes)
Event: 45.905 Thread 0x0000000023869800 nmethod 3095 0x0000000003a21fd0 code [0x0000000003a22120, 0x0000000003a22230]
Event: 45.908 Thread 0x0000000023869800 3097       1       com.android.dx.dex.file.AnnotationsDirectoryItem::itemType (4 bytes)
Event: 45.909 Thread 0x0000000023869800 nmethod 3097 0x00000000038ef9d0 code [0x00000000038efb20, 0x00000000038efc30]
Event: 46.053 Thread 0x0000000023869800 3099       1       com.android.dx.rop.cst.CstKnownNull::compareTo0 (2 bytes)
Event: 46.054 Thread 0x0000000023869800 nmethod 3099 0x0000000003f37d90 code [0x0000000003f37ee0, 0x0000000003f37ff0]

GC Heap History (10 events):
Event: 25.350 GC heap before
{Heap before GC invocations=26 (full 5):
 PSYoungGen      total 935936K, used 133455K [0x00000008d5580000, 0x0000000924d00000, 0x0000000d00000000)
  eden space 652800K, 0% used [0x00000008d5580000,0x00000008d5580000,0x00000008fd300000)
  from space 283136K, 47% used [0x00000008fd300000,0x0000000905553f40,0x000000090e780000)
  to   space 275968K, 0% used [0x0000000913f80000,0x0000000913f80000,0x0000000924d00000)
 ParOldGen       total 878592K, used 878174K [0x0000000080000000, 0x00000000b5a00000, 0x00000008d5580000)
  object space 878592K, 99% used [0x0000000080000000,0x00000000b5997808,0x00000000b5a00000)
 Metaspace       used 6454K, capacity 6856K, committed 6912K, reserved 8192K
Event: 29.022 GC heap after
Heap after GC invocations=26 (full 5):
 PSYoungGen      total 935936K, used 123868K [0x00000008d5580000, 0x0000000924d00000, 0x0000000d00000000)
  eden space 652800K, 0% used [0x00000008d5580000,0x00000008d5580000,0x00000008fd300000)
  from space 283136K, 43% used [0x00000008fd300000,0x0000000904bf7130,0x000000090e780000)
  to   space 275968K, 0% used [0x0000000913f80000,0x0000000913f80000,0x0000000924d00000)
 ParOldGen       total 878592K, used 878442K [0x0000000080000000, 0x00000000b5a00000, 0x00000008d5580000)
  object space 878592K, 99% used [0x0000000080000000,0x00000000b59da9a8,0x00000000b5a00000)
 Metaspace       used 6454K, capacity 6856K, committed 6912K, reserved 8192K
}
Event: 30.123 GC heap before
{Heap before GC invocations=27 (full 6):
 PSYoungGen      total 935936K, used 776668K [0x00000008d5580000, 0x0000000924d00000, 0x0000000d00000000)
  eden space 652800K, 100% used [0x00000008d5580000,0x00000008fd300000,0x00000008fd300000)
  from space 283136K, 43% used [0x00000008fd300000,0x0000000904bf7130,0x000000090e780000)
  to   space 275968K, 0% used [0x0000000913f80000,0x0000000913f80000,0x0000000924d00000)
 ParOldGen       total 878592K, used 878442K [0x0000000080000000, 0x00000000b5a00000, 0x00000008d5580000)
  object space 878592K, 99% used [0x0000000080000000,0x00000000b59da9a8,0x00000000b5a00000)
 Metaspace       used 6454K, capacity 6856K, committed 6912K, reserved 8192K
Event: 32.812 GC heap after
Heap after GC invocations=27 (full 6):
 PSYoungGen      total 935936K, used 207690K [0x00000008d5580000, 0x0000000924d00000, 0x0000000d00000000)
  eden space 652800K, 31% used [0x00000008d5580000,0x00000008e2052948,0x00000008fd300000)
  from space 283136K, 0% used [0x00000008fd300000,0x00000008fd300000,0x000000090e780000)
  to   space 275968K, 0% used [0x0000000913f80000,0x0000000913f80000,0x0000000924d00000)
 ParOldGen       total 878592K, used 878321K [0x0000000080000000, 0x00000000b5a00000, 0x00000008d5580000)
  object space 878592K, 99% used [0x0000000080000000,0x00000000b59bc6c0,0x00000000b5a00000)
 Metaspace       used 6454K, capacity 6856K, committed 6912K, reserved 8192K
}
Event: 33.458 GC heap before
{Heap before GC invocations=28 (full 7):
 PSYoungGen      total 935936K, used 652800K [0x00000008d5580000, 0x0000000924d00000, 0x0000000d00000000)
  eden space 652800K, 100% used [0x00000008d5580000,0x00000008fd300000,0x00000008fd300000)
  from space 283136K, 0% used [0x00000008fd300000,0x00000008fd300000,0x000000090e780000)
  to   space 275968K, 0% used [0x0000000913f80000,0x0000000913f80000,0x0000000924d00000)
 ParOldGen       total 878592K, used 878321K [0x0000000080000000, 0x00000000b5a00000, 0x00000008d5580000)
  object space 878592K, 99% used [0x0000000080000000,0x00000000b59bc6c0,0x00000000b5a00000)
 Metaspace       used 6454K, capacity 6856K, committed 6912K, reserved 8192K
Event: 36.563 GC heap after
Heap after GC invocations=28 (full 7):
 PSYoungGen      total 935936K, used 152071K [0x00000008d5580000, 0x0000000924d00000, 0x0000000d00000000)
  eden space 652800K, 23% used [0x00000008d5580000,0x00000008dea01fb0,0x00000008fd300000)
  from space 283136K, 0% used [0x00000008fd300000,0x00000008fd300000,0x000000090e780000)
  to   space 275968K, 0% used [0x0000000913f80000,0x0000000913f80000,0x0000000924d00000)
 ParOldGen       total 878592K, used 878557K [0x0000000080000000, 0x00000000b5a00000, 0x00000008d5580000)
  object space 878592K, 99% used [0x0000000080000000,0x00000000b59f7460,0x00000000b5a00000)
 Metaspace       used 6454K, capacity 6856K, committed 6912K, reserved 8192K
}
Event: 37.143 GC heap before
{Heap before GC invocations=29 (full 8):
 PSYoungGen      total 935936K, used 652800K [0x00000008d5580000, 0x0000000924d00000, 0x0000000d00000000)
  eden space 652800K, 100% used [0x00000008d5580000,0x00000008fd300000,0x00000008fd300000)
  from space 283136K, 0% used [0x00000008fd300000,0x00000008fd300000,0x000000090e780000)
  to   space 275968K, 0% used [0x0000000913f80000,0x0000000913f80000,0x0000000924d00000)
 ParOldGen       total 878592K, used 878557K [0x0000000080000000, 0x00000000b5a00000, 0x00000008d5580000)
  object space 878592K, 99% used [0x0000000080000000,0x00000000b59f7460,0x00000000b5a00000)
 Metaspace       used 6454K, capacity 6856K, committed 6912K, reserved 8192K
Event: 40.294 GC heap after
Heap after GC invocations=29 (full 8):
 PSYoungGen      total 935936K, used 225745K [0x00000008d5580000, 0x0000000924d00000, 0x0000000d00000000)
  eden space 652800K, 34% used [0x00000008d5580000,0x00000008e31f46d0,0x00000008fd300000)
  from space 283136K, 0% used [0x00000008fd300000,0x00000008fd300000,0x000000090e780000)
  to   space 275968K, 0% used [0x0000000913f80000,0x0000000913f80000,0x0000000924d00000)
 ParOldGen       total 878592K, used 878543K [0x0000000080000000, 0x00000000b5a00000, 0x00000008d5580000)
  object space 878592K, 99% used [0x0000000080000000,0x00000000b59f3ef0,0x00000000b5a00000)
 Metaspace       used 6454K, capacity 6856K, committed 6912K, reserved 8192K
}
Event: 41.153 GC heap before
{Heap before GC invocations=30 (full 9):
 PSYoungGen      total 935936K, used 652800K [0x00000008d5580000, 0x0000000924d00000, 0x0000000d00000000)
  eden space 652800K, 100% used [0x00000008d5580000,0x00000008fd300000,0x00000008fd300000)
  from space 283136K, 0% used [0x00000008fd300000,0x00000008fd300000,0x000000090e780000)
  to   space 275968K, 0% used [0x0000000913f80000,0x0000000913f80000,0x0000000924d00000)
 ParOldGen       total 880128K, used 880004K [0x0000000080000000, 0x00000000b5b80000, 0x00000008d5580000)
  object space 880128K, 99% used [0x0000000080000000,0x00000000b5b61110,0x00000000b5b80000)
 Metaspace       used 6524K, capacity 6920K, committed 7168K, reserved 8192K
Event: 45.643 GC heap after
Heap after GC invocations=30 (full 9):
 PSYoungGen      total 935936K, used 291881K [0x00000008d5580000, 0x0000000924d00000, 0x0000000d00000000)
  eden space 652800K, 44% used [0x00000008d5580000,0x00000008e728a718,0x00000008fd300000)
  from space 283136K, 0% used [0x00000008fd300000,0x00000008fd300000,0x000000090e780000)
  to   space 275968K, 0% used [0x0000000913f80000,0x0000000913f80000,0x0000000924d00000)
 ParOldGen       total 880128K, used 879751K [0x0000000080000000, 0x00000000b5b80000, 0x00000008d5580000)
  object space 880128K, 99% used [0x0000000080000000,0x00000000b5b21e40,0x00000000b5b80000)
 Metaspace       used 6524K, capacity 6920K, committed 7168K, reserved 8192K
}

Deoptimization events (10 events):
Event: 24.330 Thread 0x000000002598e000 Uncommon trap: reason=class_check action=maybe_recompile pc=0x0000000003da2824 method=com.android.dx.ssa.back.InterferenceGraph.mergeInterferenceSet(ILcom/android/dx/util/IntSet;)V @ 20
Event: 24.331 Thread 0x000000002598e000 Uncommon trap: reason=class_check action=maybe_recompile pc=0x0000000004166d2c method=com.android.dx.util.BitIntSet.merge(Lcom/android/dx/util/IntSet;)V @ 1
Event: 36.601 Thread 0x0000000025995000 Uncommon trap: reason=unstable_if action=reinterpret pc=0x00000000035b23d0 method=com.android.dx.ssa.SCCP.simulateStmt(Lcom/android/dx/ssa/SsaInsn;)V @ 59
Event: 36.863 Thread 0x000000002598f000 Uncommon trap: reason=unstable_if action=reinterpret pc=0x00000000036e35c0 method=com.android.dx.ssa.InterferenceRegisterMapper.areAnyPinned(Lcom/android/dx/rop/code/RegisterSpecList;II)Z @ 55
Event: 36.863 Thread 0x000000002598f000 Uncommon trap: reason=unstable_if action=reinterpret pc=0x000000000405fc64 method=java.util.HashMap$TreeNode.find(ILjava/lang/Object;Ljava/lang/Class;)Ljava/util/HashMap$TreeNode; @ 102
Event: 40.861 Thread 0x0000000025858000 Uncommon trap: reason=class_check action=maybe_recompile pc=0x0000000003a1ceb8 method=java.util.Arrays.hashCode([Ljava/lang/Object;)I @ 43
Event: 40.861 Thread 0x0000000025858000 Uncommon trap: reason=class_check action=maybe_recompile pc=0x0000000003a1ceb8 method=java.util.Arrays.hashCode([Ljava/lang/Object;)I @ 43
Event: 40.861 Thread 0x0000000025858000 Uncommon trap: reason=class_check action=maybe_recompile pc=0x0000000003a1ceb8 method=java.util.Arrays.hashCode([Ljava/lang/Object;)I @ 43
Event: 40.861 Thread 0x0000000025858000 Uncommon trap: reason=class_check action=maybe_recompile pc=0x0000000003a1ceb8 method=java.util.Arrays.hashCode([Ljava/lang/Object;)I @ 43
Event: 40.861 Thread 0x0000000025858000 Uncommon trap: reason=class_check action=maybe_recompile pc=0x00000000038f0bd0 method=java.util.Arrays.hashCode([Ljava/lang/Object;)I @ 43

Internal exceptions (10 events):
Event: 0.079 Thread 0x00000000011f0800 Exception <a 'java/lang/NoSuchMethodError': Method sun.misc.Unsafe.prefetchRead(Ljava/lang/Object;J)V name or signature does not match> (0x00000008d558bc80) thrown at [C:\src\android\AOSP-openjdk\external\jetbrains\jdk\hotspot\src\share\vm\prims\jni.cpp, lº‰Í®/
›?
Event: 0.454 Thread 0x00000000011f0800 Implicit null exception at 0x0000000003569e88 to 0x000000000356a489
Event: 1.188 Thread 0x0000000025990000 Implicit null exception at 0x00000000037fce12 to 0x00000000037fcf0b
Event: 1.425 Thread 0x000000002598e000 Implicit null exception at 0x00000000037d1efb to 0x00000000037d4c79
Event: 1.707 Thread 0x0000000025990000 Implicit null exception at 0x00000000037afbd5 to 0x00000000037b2489
Event: 2.055 Thread 0x000000002598e000 Exception <a 'java/lang/ArrayIndexOutOfBoundsException': 18> (0x00000008daef16e8) thrown at [C:\src\android\AOSP-openjdk\external\jetbrains\jdk\hotspot\src\share\vm\interpreter\interpreterRuntime.cpp, line 366]
Event: 2.055 Thread 0x000000002598e000 Exception <a 'java/lang/ArrayIndexOutOfBoundsException': 145> (0x00000008daef3b40) thrown at [C:\src\android\AOSP-openjdk\external\jetbrains\jdk\hotspot\src\share\vm\interpreter\interpreterRuntime.cpp, line 366]
Event: 2.056 Thread 0x000000002598e000 Exception <a 'java/lang/ArrayIndexOutOfBoundsException'> (0x00000008daef5468) thrown at [C:\src\android\AOSP-openjdk\external\jetbrains\jdk\hotspot\src\share\vm\runtime\sharedRuntime.cpp, line 605]
Event: 6.568 Thread 0x000000002598e000 Implicit null exception at 0x0000000003cf17c4 to 0x0000000003cf807d
Event: 10.644 Thread 0x00000000011f0800 Implicit null exception at 0x00000000035711a0 to 0x0000000003571a2d

Events (10 events):
Event: 40.864 loading class com/android/dx/rop/cst/Zeroes
Event: 40.864 loading class com/android/dx/rop/cst/Zeroes done
Event: 41.008 Executing VM operation: RevokeBias
Event: 41.008 Executing VM operation: RevokeBias done
Event: 41.092 Thread 0x0000000025858000 DEOPT PACKING pc=0x000000000387b673 sp=0x000000002853ec60
Event: 41.092 Thread 0x0000000025858000 DEOPT UNPACKING pc=0x00000000034475bf sp=0x000000002853e980 mode 0
Event: 41.133 Executing VM operation: ParallelGCFailedAllocation
Event: 41.134 Executing VM operation: ParallelGCFailedAllocation done
Event: 41.152 Executing VM operation: ParallelGCSystemGC
Event: 45.643 Executing VM operation: ParallelGCSystemGC done


Dynamic libraries:
0x00007ff77be40000 - 0x00007ff77be71000 	C:\Program Files\Android\Android Studio\jre\bin\java.exe
0x00007fff75380000 - 0x00007fff75551000 	C:\WINDOWS\SYSTEM32\ntdll.dll
0x00007fff73760000 - 0x00007fff7380b000 	C:\WINDOWS\System32\KERNEL32.DLL
0x00007fff71c60000 - 0x00007fff71e7d000 	C:\WINDOWS\System32\KERNELBASE.dll
0x00007fff72a80000 - 0x00007fff72b22000 	C:\WINDOWS\System32\ADVAPI32.dll
0x00007fff73120000 - 0x00007fff731be000 	C:\WINDOWS\System32\msvcrt.dll
0x00007fff73840000 - 0x00007fff73899000 	C:\WINDOWS\System32\sechost.dll
0x00007fff72b30000 - 0x00007fff72c51000 	C:\WINDOWS\System32\RPCRT4.dll
0x00007fff72910000 - 0x00007fff72a75000 	C:\WINDOWS\System32\USER32.dll
0x00007fff71ac0000 - 0x00007fff71ade000 	C:\WINDOWS\System32\win32u.dll
0x00007fff72d00000 - 0x00007fff72d34000 	C:\WINDOWS\System32\GDI32.dll
0x00007fff71e80000 - 0x00007fff72002000 	C:\WINDOWS\System32\gdi32full.dll
0x00007fff66140000 - 0x00007fff663ba000 	C:\WINDOWS\WinSxS\amd64_microsoft.windows.common-controls_6595b64144ccf1df_6.0.14393.953_none_42151e83c686086b\COMCTL32.dll
0x00007fff73390000 - 0x00007fff73658000 	C:\WINDOWS\System32\combase.dll
0x00007fff71910000 - 0x00007fff71a05000 	C:\WINDOWS\System32\ucrtbase.dll
0x00007fff71b90000 - 0x00007fff71bfa000 	C:\WINDOWS\System32\bcryptPrimitives.dll
0x00007fff73810000 - 0x00007fff7383e000 	C:\WINDOWS\System32\IMM32.DLL
0x0000000068410000 - 0x00000000684e2000 	C:\Program Files\Android\Android Studio\jre\jre\bin\msvcr100.dll
0x0000000066590000 - 0x0000000066dcc000 	C:\Program Files\Android\Android Studio\jre\jre\bin\server\jvm.dll
0x00007fff730f0000 - 0x00007fff730f8000 	C:\WINDOWS\System32\PSAPI.DLL
0x00007fff648a0000 - 0x00007fff648aa000 	C:\WINDOWS\SYSTEM32\VERSION.dll
0x00007fff6f720000 - 0x00007fff6f743000 	C:\WINDOWS\SYSTEM32\WINMM.dll
0x00007fff66450000 - 0x00007fff66459000 	C:\WINDOWS\SYSTEM32\WSOCK32.dll
0x00007fff72d40000 - 0x00007fff72daa000 	C:\WINDOWS\System32\WS2_32.dll
0x0000000000c40000 - 0x0000000000c6b000 	C:\WINDOWS\SYSTEM32\WINMMBASE.dll
0x00007fff72010000 - 0x00007fff72052000 	C:\WINDOWS\System32\cfgmgr32.dll
0x00007fff6f760000 - 0x00007fff6f76f000 	C:\Program Files\Android\Android Studio\jre\jre\bin\verify.dll
0x00007fff6e4d0000 - 0x00007fff6e4f9000 	C:\Program Files\Android\Android Studio\jre\jre\bin\java.dll
0x00007fff6e420000 - 0x00007fff6e436000 	C:\Program Files\Android\Android Studio\jre\jre\bin\zip.dll
0x00007fff73a40000 - 0x00007fff74f48000 	C:\WINDOWS\System32\SHELL32.dll
0x00007fff72230000 - 0x00007fff7290a000 	C:\WINDOWS\System32\windows.storage.dll
0x00007fff717f0000 - 0x00007fff7183c000 	C:\WINDOWS\System32\powrprof.dll
0x00007fff72e20000 - 0x00007fff72e72000 	C:\WINDOWS\System32\shlwapi.dll
0x00007fff717e0000 - 0x00007fff717ef000 	C:\WINDOWS\System32\kernel.appcore.dll
0x00007fff71a10000 - 0x00007fff71ab9000 	C:\WINDOWS\System32\shcore.dll
0x00007fff71850000 - 0x00007fff71864000 	C:\WINDOWS\System32\profapi.dll

VM Arguments:
jvm_args: -Djava.awt.headless=true -Xmx50g -Dfile.encoding=windows-1251 -Duser.country=RU -Duser.language=ru -Duser.variant 
java_command: com.android.dx.command.Main --dex --num-threads=4 --multi-dex --main-dex-list C:\Users\User\Documents\GitHub\weather\app\build\intermediates\multi-dex\debug\maindexlist.txt --output C:\Users\User\Documents\GitHub\weather\app\build\intermediates\transforms\dex\debug\folders\1000\1f\main C:\Users\User\Documents\GitHub\weather\app\build\intermediates\transforms\jarMerging\debug\jars\1\1f\combined.jar
java_class_path (initial): C:\Users\User\AppData\Local\Android\sdk\build-tools\25.0.2\lib\dx.jar
Launcher Type: SUN_STANDARD

Environment Variables:
PATH=C:\ProgramData\Oracle\Java\javapath;C:\Program Files\Broadcom\Broadcom 802.11 Network Adapter;C:\Program Files (x86)\NVIDIA Corporation\PhysX\Common;C:\Program Files (x86)\Intel\iCLS Client\;C:\Program Files\Intel\iCLS Client\;C:\Windows\system32;C:\Windows;C:\Windows\System32\Wbem;C:\Windows\System32\WindowsPowerShell\v1.0\;C:\Program Files\Intel\Intel(R) Management Engine Components\DAL;C:\Program Files\Intel\Intel(R) Management Engine Components\IPT;C:\Program Files (x86)\Intel\Intel(R) Management Engine Components\DAL;C:\Program Files (x86)\Intel\Intel(R) Management Engine Components\IPT;C:\Program Files\WIDCOMM\Bluetooth Software\;C:\Program Files\WIDCOMM\Bluetooth Software\syswow64;C:\Program Files\Acer\Remote Files\;C:\Program Files\OpenVPN\bin;C:\WINDOWS\system32;C:\WINDOWS;C:\WINDOWS\System32\Wbem;C:\WINDOWS\System32\WindowsPowerShell\v1.0\;C:\Users\User\AppData\Local\Microsoft\WindowsApps;
USERNAME=User
OS=Windows_NT
PROCESSOR_IDENTIFIER=Intel64 Family 6 Model 69 Stepping 1, GenuineIntel



---------------  S Y S T E M  ---------------

OS: Windows 10.0 , 64 bit Build 14393 (10.0.14393.0)

CPU:total 4 (2 cores per cpu, 2 threads per core) family 6 model 69 stepping 1, cmov, cx8, fxsr, mmx, sse, sse2, sse3, ssse3, sse4.1, sse4.2, popcnt, avx, avx2, aes, clmul, erms, lzcnt, ht, tsc, tscinvbit, bmi1, bmi2

Memory: 4k page, physical 8310040k(480836k free), swap 12406040k(2992k free)

vm_info: OpenJDK 64-Bit Server VM (25.112-b06) for windows-amd64 JRE (1.8.0_112-release-b06), built on Dec  8 2016 00:54:26 by "builder" with MS VC++ 10.0 (VS2010)

time: Sat Apr 22 12:07:46 2017
elapsed time: 46 seconds (0d 0h 0m 46s)

