#
# There is insufficient memory for the Java Runtime Environment to continue.
# Native memory allocation (malloc) failed to allocate 1337296 bytes for Chunk::new
# Possible reasons:
#   The system is out of physical RAM or swap space
#   In 32 bit mode, the process size limit was hit
# Possible solutions:
#   Reduce memory load on the system
#   Increase physical memory or swap space
#   Check if swap backing store is full
#   Use 64 bit Java on a 64 bit OS
#   Decrease Java heap size (-Xmx/-Xms)
#   Decrease number of Java threads
#   Decrease Java thread stack sizes (-Xss)
#   Set larger code cache with -XX:ReservedCodeCacheSize=
# This output file may be truncated or incomplete.
#
#  Out of Memory Error (allocation.cpp:390), pid=1108, tid=0x000000000000369c
#
# JRE version: OpenJDK Runtime Environment (8.0_112-b06) (build 1.8.0_112-release-b06)
# Java VM: OpenJDK 64-Bit Server VM (25.112-b06 mixed mode windows-amd64 )
# Failed to write core dump. Minidumps are not enabled by default on client versions of Windows
#

---------------  T H R E A D  ---------------

Current thread (0x0000000001eda000):  JavaThread "C2 CompilerThread0" daemon [_thread_in_native, id=13980, stack(0x0000000024ca0000,0x0000000024da0000)]

Stack: [0x0000000024ca0000,0x0000000024da0000]
[error occurred during error reporting (printing stack bounds), id 0xc0000005]

Native frames: (J=compiled Java code, j=interpreted, Vv=VM code, C=native code)


Current CompileTask:
C2:  39659 3245       4       com.android.dx.dex.file.ClassDefItem::addContents (201 bytes)


---------------  P R O C E S S  ---------------

Java Threads: ( => current thread )
  0x0000000025976000 JavaThread "pool-1-thread-1" [_thread_in_Java, id=4856, stack(0x0000000028240000,0x0000000028340000)]
  0x00000000255ef800 JavaThread "pool-2-thread-4" [_thread_in_Java, id=4360, stack(0x00000000261a0000,0x00000000262a0000)]
  0x00000000255ef000 JavaThread "pool-2-thread-3" [_thread_in_Java, id=12676, stack(0x00000000260a0000,0x00000000261a0000)]
  0x00000000255ee000 JavaThread "pool-2-thread-2" [_thread_in_Java, id=11712, stack(0x0000000025fa0000,0x00000000260a0000)]
  0x00000000255e9000 JavaThread "pool-3-thread-1" [_thread_blocked, id=7048, stack(0x0000000025ea0000,0x0000000025fa0000)]
  0x000000002567f000 JavaThread "pool-2-thread-1" [_thread_in_vm, id=9396, stack(0x0000000025da0000,0x0000000025ea0000)]
  0x0000000024fbb000 JavaThread "Service Thread" daemon [_thread_blocked, id=5792, stack(0x00000000253a0000,0x00000000254a0000)]
  0x0000000001ee3000 JavaThread "C1 CompilerThread2" daemon [_thread_blocked, id=13452, stack(0x0000000024ea0000,0x0000000024fa0000)]
  0x0000000001edc000 JavaThread "C2 CompilerThread1" daemon [_thread_in_native, id=11516, stack(0x0000000024da0000,0x0000000024ea0000)]
=>0x0000000001eda000 JavaThread "C2 CompilerThread0" daemon [_thread_in_native, id=13980, stack(0x0000000024ca0000,0x0000000024da0000)]
  0x0000000001ee9000 JavaThread "Attach Listener" daemon [_thread_blocked, id=1788, stack(0x0000000024ba0000,0x0000000024ca0000)]
  0x0000000001ee8000 JavaThread "Signal Dispatcher" daemon [_thread_blocked, id=13652, stack(0x0000000024aa0000,0x0000000024ba0000)]
  0x0000000001ec8800 JavaThread "Finalizer" daemon [_thread_blocked, id=400, stack(0x00000000248b0000,0x00000000249b0000)]
  0x0000000001183000 JavaThread "Reference Handler" daemon [_thread_blocked, id=2216, stack(0x00000000247b0000,0x00000000248b0000)]
  0x0000000001090800 JavaThread "main" [_thread_in_Java, id=11316, stack(0x0000000000f90000,0x0000000001090000)]

Other Threads:
  0x0000000001ea5800 VMThread [stack: 0x00000000246b0000,0x00000000247b0000] [id=7028]
  0x0000000001ee5000 WatcherThread [stack: 0x00000000254a0000,0x00000000255a0000] [id=13356]

VM state:not at safepoint (normal execution)

VM Mutex/Monitor currently owned by a thread: None

Heap:
 PSYoungGen      total 1358848K, used 596403K [0x00000008d5580000, 0x0000000940c00000, 0x0000000d00000000)
  eden space 968704K, 61% used [0x00000008d5580000,0x00000008f9becd70,0x0000000910780000)
  from space 390144K, 0% used [0x0000000928300000,0x0000000928300000,0x0000000940000000)
  to   space 388608K, 0% used [0x0000000910780000,0x0000000910780000,0x0000000928300000)
 ParOldGen       total 970752K, used 970742K [0x0000000080000000, 0x00000000bb400000, 0x00000008d5580000)
  object space 970752K, 99% used [0x0000000080000000,0x00000000bb3fdb90,0x00000000bb400000)
 Metaspace       used 6533K, capacity 6920K, committed 7168K, reserved 8192K

Card table byte_map: [0x0000000012400000,0x0000000018810000] byte_map_base: 0x0000000012000000

Marking Bits: (ParMarkBitMap*) 0x00000000673f18f0
 Begin Bits: [0x0000000d00000000, 0x0000000d32000000)
 End Bits:   [0x0000000d32000000, 0x0000000d64000000)

Polling page: 0x00000000005a0000

CodeCache: size=245760Kb used=12002Kb max_used=14968Kb free=233757Kb
 bounds [0x0000000003400000, 0x00000000042b0000, 0x0000000012400000]
 total_blobs=2727 nmethods=2464 adapters=176
 compilation: enabled

Compilation events (10 events):
Event: 39.371 Thread 0x0000000001edc000 nmethod 3259 0x0000000003d21e10 code [0x0000000003d221a0, 0x0000000003d25938]
Event: 39.371 Thread 0x0000000001edc000 3260       4       com.android.dx.dex.file.ClassDataItem::addContents (207 bytes)
Event: 39.374 Thread 0x0000000001ee3000 3264       3       java.util.ComparableTimSort::mergeHi (729 bytes)
Event: 39.377 Thread 0x0000000001ee3000 nmethod 3264 0x00000000037363d0 code [0x0000000003736720, 0x0000000003738b98]
Event: 39.377 Thread 0x0000000001ee3000 3265       3       java.util.ComparableTimSort::mergeLo (656 bytes)
Event: 39.379 Thread 0x0000000001ee3000 nmethod 3265 0x0000000003aea310 code [0x0000000003aea660, 0x0000000003aeca18]
Event: 39.386 Thread 0x0000000001ee3000 3266       3       com.android.dx.ssa.LiteralOpUpgrader$1::visitNonMoveInsn (203 bytes)
Event: 39.389 Thread 0x0000000001ee3000 nmethod 3266 0x00000000036d33d0 code [0x00000000036d38a0, 0x00000000036d7328]
Event: 39.528 Thread 0x0000000001ee3000 3268       3       java.util.ComparableTimSort::mergeAt (356 bytes)
Event: 39.529 Thread 0x0000000001ee3000 nmethod 3268 0x0000000003a99090 code [0x0000000003a99280, 0x0000000003a99a38]

GC Heap History (10 events):
Event: 25.897 GC heap before
{Heap before GC invocations=20 (full 4):
 PSYoungGen      total 997888K, used 845019K [0x00000008d5580000, 0x000000092b500000, 0x0000000d00000000)
  eden space 729088K, 100% used [0x00000008d5580000,0x0000000901d80000,0x0000000901d80000)
  from space 268800K, 43% used [0x0000000901d80000,0x0000000908eb6fb0,0x0000000912400000)
  to   space 263168K, 0% used [0x000000091b400000,0x000000091b400000,0x000000092b500000)
 ParOldGen       total 968192K, used 636058K [0x0000000080000000, 0x00000000bb180000, 0x00000008d5580000)
  object space 968192K, 65% used [0x0000000080000000,0x00000000a6d26988,0x00000000bb180000)
 Metaspace       used 6455K, capacity 6856K, committed 6912K, reserved 8192K
Event: 26.341 GC heap after
Heap after GC invocations=20 (full 4):
 PSYoungGen      total 1114112K, used 224781K [0x00000008d5580000, 0x000000092e580000, 0x0000000d00000000)
  eden space 850944K, 0% used [0x00000008d5580000,0x00000008d5580000,0x0000000909480000)
  from space 263168K, 85% used [0x000000091b400000,0x0000000928f834a8,0x000000092b500000)
  to   space 294400K, 0% used [0x0000000909480000,0x0000000909480000,0x000000091b400000)
 ParOldGen       total 968192K, used 636066K [0x0000000080000000, 0x00000000bb180000, 0x00000008d5580000)
  object space 968192K, 65% used [0x0000000080000000,0x00000000a6d28988,0x00000000bb180000)
 Metaspace       used 6455K, capacity 6856K, committed 6912K, reserved 8192K
}
Event: 28.260 GC heap before
{Heap before GC invocations=21 (full 4):
 PSYoungGen      total 1114112K, used 1075725K [0x00000008d5580000, 0x000000092e580000, 0x0000000d00000000)
  eden space 850944K, 100% used [0x00000008d5580000,0x0000000909480000,0x0000000909480000)
  from space 263168K, 85% used [0x000000091b400000,0x0000000928f834a8,0x000000092b500000)
  to   space 294400K, 0% used [0x0000000909480000,0x0000000909480000,0x000000091b400000)
 ParOldGen       total 968192K, used 636066K [0x0000000080000000, 0x00000000bb180000, 0x00000008d5580000)
  object space 968192K, 65% used [0x0000000080000000,0x00000000a6d28988,0x00000000bb180000)
 Metaspace       used 6455K, capacity 6856K, committed 6912K, reserved 8192K
Event: 28.712 GC heap after
Heap after GC invocations=21 (full 4):
 PSYoungGen      total 1145344K, used 294391K [0x00000008d5580000, 0x0000000940000000, 0x0000000d00000000)
  eden space 850944K, 0% used [0x00000008d5580000,0x00000008d5580000,0x0000000909480000)
  from space 294400K, 99% used [0x0000000909480000,0x000000091b3fdfd0,0x000000091b400000)
  to   space 390144K, 0% used [0x0000000928300000,0x0000000928300000,0x0000000940000000)
 ParOldGen       total 968192K, used 760404K [0x0000000080000000, 0x00000000bb180000, 0x00000008d5580000)
  object space 968192K, 78% used [0x0000000080000000,0x00000000ae6951b0,0x00000000bb180000)
 Metaspace       used 6455K, capacity 6856K, committed 6912K, reserved 8192K
}
Event: 30.227 GC heap before
{Heap before GC invocations=22 (full 4):
 PSYoungGen      total 1145344K, used 1145335K [0x00000008d5580000, 0x0000000940000000, 0x0000000d00000000)
  eden space 850944K, 100% used [0x00000008d5580000,0x0000000909480000,0x0000000909480000)
  from space 294400K, 99% used [0x0000000909480000,0x000000091b3fdfd0,0x000000091b400000)
  to   space 390144K, 0% used [0x0000000928300000,0x0000000928300000,0x0000000940000000)
 ParOldGen       total 968192K, used 760404K [0x0000000080000000, 0x00000000bb180000, 0x00000008d5580000)
  object space 968192K, 78% used [0x0000000080000000,0x00000000ae6951b0,0x00000000bb180000)
 Metaspace       used 6455K, capacity 6856K, committed 6912K, reserved 8192K
Event: 30.728 GC heap after
Heap after GC invocations=22 (full 4):
 PSYoungGen      total 1358848K, used 203582K [0x00000008d5580000, 0x0000000940c00000, 0x0000000d00000000)
  eden space 968704K, 0% used [0x00000008d5580000,0x00000008d5580000,0x0000000910780000)
  from space 390144K, 52% used [0x0000000928300000,0x00000009349cfae0,0x0000000940000000)
  to   space 388608K, 0% used [0x0000000910780000,0x0000000910780000,0x0000000928300000)
 ParOldGen       total 970752K, used 970285K [0x0000000080000000, 0x00000000bb400000, 0x00000008d5580000)
  object space 970752K, 99% used [0x0000000080000000,0x00000000bb38b6a8,0x00000000bb400000)
 Metaspace       used 6455K, capacity 6856K, committed 6912K, reserved 8192K
}
Event: 30.728 GC heap before
{Heap before GC invocations=23 (full 5):
 PSYoungGen      total 1358848K, used 203582K [0x00000008d5580000, 0x0000000940c00000, 0x0000000d00000000)
  eden space 968704K, 0% used [0x00000008d5580000,0x00000008d5580000,0x0000000910780000)
  from space 390144K, 52% used [0x0000000928300000,0x00000009349cfae0,0x0000000940000000)
  to   space 388608K, 0% used [0x0000000910780000,0x0000000910780000,0x0000000928300000)
 ParOldGen       total 970752K, used 970285K [0x0000000080000000, 0x00000000bb400000, 0x00000008d5580000)
  object space 970752K, 99% used [0x0000000080000000,0x00000000bb38b6a8,0x00000000bb400000)
 Metaspace       used 6455K, capacity 6856K, committed 6912K, reserved 8192K
Event: 33.994 GC heap after
Heap after GC invocations=23 (full 5):
 PSYoungGen      total 1358848K, used 42134K [0x00000008d5580000, 0x0000000940c00000, 0x0000000d00000000)
  eden space 968704K, 0% used [0x00000008d5580000,0x00000008d5580000,0x0000000910780000)
  from space 390144K, 10% used [0x0000000928300000,0x000000092ac258c0,0x0000000940000000)
  to   space 388608K, 0% used [0x0000000910780000,0x0000000910780000,0x0000000928300000)
 ParOldGen       total 970752K, used 970383K [0x0000000080000000, 0x00000000bb400000, 0x00000008d5580000)
  object space 970752K, 99% used [0x0000000080000000,0x00000000bb3a3dd8,0x00000000bb400000)
 Metaspace       used 6455K, capacity 6856K, committed 6912K, reserved 8192K
}
Event: 35.208 GC heap before
{Heap before GC invocations=24 (full 6):
 PSYoungGen      total 1358848K, used 1003641K [0x00000008d5580000, 0x0000000940c00000, 0x0000000d00000000)
  eden space 968704K, 99% used [0x00000008d5580000,0x0000000910078db0,0x0000000910780000)
  from space 390144K, 10% used [0x0000000928300000,0x000000092ac258c0,0x0000000940000000)
  to   space 388608K, 0% used [0x0000000910780000,0x0000000910780000,0x0000000928300000)
 ParOldGen       total 970752K, used 970383K [0x0000000080000000, 0x00000000bb400000, 0x00000008d5580000)
  object space 970752K, 99% used [0x0000000080000000,0x00000000bb3a3dd8,0x00000000bb400000)
 Metaspace       used 6491K, capacity 6920K, committed 7168K, reserved 8192K
Event: 38.887 GC heap after
Heap after GC invocations=24 (full 6):
 PSYoungGen      total 1358848K, used 182218K [0x00000008d5580000, 0x0000000940c00000, 0x0000000d00000000)
  eden space 968704K, 18% used [0x00000008d5580000,0x00000008e0772bb8,0x0000000910780000)
  from space 390144K, 0% used [0x0000000928300000,0x0000000928300000,0x0000000940000000)
  to   space 388608K, 0% used [0x0000000910780000,0x0000000910780000,0x0000000928300000)
 ParOldGen       total 970752K, used 970742K [0x0000000080000000, 0x00000000bb400000, 0x00000008d5580000)
  object space 970752K, 99% used [0x0000000080000000,0x00000000bb3fdb90,0x00000000bb400000)
 Metaspace       used 6491K, capacity 6920K, committed 7168K, reserved 8192K
}

Deoptimization events (10 events):
Event: 28.739 Thread 0x00000000255ef800 Uncommon trap: reason=class_check action=maybe_recompile pc=0x0000000003c78fd8 method=com.android.dx.ssa.SsaConverter.placePhiFunctions(Lcom/android/dx/ssa/SsaMethod;Lcom/android/dx/ssa/LocalVariableInfo;I)V @ 257
Event: 34.252 Thread 0x000000002567f000 Uncommon trap: reason=unstable_if action=reinterpret pc=0x0000000004263b64 method=com.android.dx.ssa.SCCP.simulateStmt(Lcom/android/dx/ssa/SsaInsn;)V @ 59
Event: 34.528 Thread 0x00000000255ef800 Uncommon trap: reason=unstable_if action=reinterpret pc=0x00000000041e9674 method=com.android.dx.ssa.InterferenceRegisterMapper.areAnyPinned(Lcom/android/dx/rop/code/RegisterSpecList;II)Z @ 55
Event: 35.188 Thread 0x0000000025976000 Uncommon trap: reason=class_check action=maybe_recompile pc=0x00000000039d1a38 method=java.util.Arrays.hashCode([Ljava/lang/Object;)I @ 43
Event: 35.188 Thread 0x0000000025976000 Uncommon trap: reason=class_check action=maybe_recompile pc=0x00000000039d1a38 method=java.util.Arrays.hashCode([Ljava/lang/Object;)I @ 43
Event: 35.188 Thread 0x0000000025976000 Uncommon trap: reason=class_check action=maybe_recompile pc=0x00000000039d1a38 method=java.util.Arrays.hashCode([Ljava/lang/Object;)I @ 43
Event: 35.188 Thread 0x0000000025976000 Uncommon trap: reason=class_check action=maybe_recompile pc=0x00000000039d1a38 method=java.util.Arrays.hashCode([Ljava/lang/Object;)I @ 43
Event: 35.188 Thread 0x0000000025976000 Uncommon trap: reason=class_check action=maybe_recompile pc=0x00000000039caf10 method=java.util.Arrays.hashCode([Ljava/lang/Object;)I @ 43
Event: 35.189 Thread 0x0000000025976000 Uncommon trap: reason=unstable_if action=reinterpret pc=0x00000000038236ac method=java.util.Arrays.sort([Ljava/lang/Object;IILjava/util/Comparator;)V @ 1
Event: 39.385 Thread 0x00000000255ef800 Uncommon trap: reason=unstable_if action=reinterpret pc=0x000000000426b504 method=com.android.dx.ssa.LiteralOpUpgrader$1.visitNonMoveInsn(Lcom/android/dx/ssa/NormalSsaInsn;)V @ 24

Internal exceptions (10 events):
Event: 0.210 Thread 0x0000000001090800 Implicit null exception at 0x0000000003566588 to 0x0000000003566b89
Event: 0.949 Thread 0x00000000255ef800 Implicit null exception at 0x0000000003741652 to 0x000000000374174b
Event: 1.175 Thread 0x00000000255ef000 Implicit null exception at 0x00000000037f93d3 to 0x00000000037fbcb9
Event: 1.645 Thread 0x00000000255ef800 Implicit null exception at 0x00000000039086d6 to 0x0000000003908891
Event: 2.117 Thread 0x00000000255ef000 Exception <a 'java/lang/ArrayIndexOutOfBoundsException': 18> (0x00000008da7ecf90) thrown at [C:\src\android\AOSP-openjdk\external\jetbrains\jdk\hotspot\src\share\vm\interpreter\interpreterRuntime.cpp, line 366]
Event: 2.118 Thread 0x00000000255ef000 Exception <a 'java/lang/ArrayIndexOutOfBoundsException': 145> (0x00000008da7ef3e8) thrown at [C:\src\android\AOSP-openjdk\external\jetbrains\jdk\hotspot\src\share\vm\interpreter\interpreterRuntime.cpp, line 366]
Event: 2.119 Thread 0x00000000255ef000 Exception <a 'java/lang/ArrayIndexOutOfBoundsException': 40> (0x00000008da7f0d10) thrown at [C:\src\android\AOSP-openjdk\external\jetbrains\jdk\hotspot\src\share\vm\interpreter\interpreterRuntime.cpp, line 366]
Event: 6.854 Thread 0x00000000255ef000 Implicit null exception at 0x0000000003cd7c5c to 0x0000000003cdda61
Event: 12.803 Thread 0x0000000001090800 Implicit null exception at 0x000000000356fba0 to 0x000000000357042d
Event: 35.189 Thread 0x0000000025976000 Implicit null exception at 0x00000000038221de to 0x0000000003823689

Events (10 events):
Event: 35.189 Thread 0x0000000025976000 DEOPT UNPACKING pc=0x000000000344556a sp=0x000000002833e938 mode 2
Event: 35.192 loading class com/android/dx/rop/cst/Zeroes
Event: 35.192 loading class com/android/dx/rop/cst/Zeroes done
Event: 35.208 Executing VM operation: ParallelGCFailedAllocation
Event: 38.887 Executing VM operation: ParallelGCFailedAllocation done
Event: 39.046 Executing VM operation: RevokeBias
Event: 39.046 Executing VM operation: RevokeBias done
Event: 39.385 Thread 0x00000000255ef800 Uncommon trap: trap_request=0xffffff65 fr.pc=0x000000000426b504
Event: 39.385 Thread 0x00000000255ef800 DEOPT PACKING pc=0x000000000426b504 sp=0x000000002629e860
Event: 39.385 Thread 0x00000000255ef800 DEOPT UNPACKING pc=0x000000000344556a sp=0x000000002629e820 mode 2


Dynamic libraries:
0x00007ff7ebc70000 - 0x00007ff7ebca1000 	C:\Program Files\Android\Android Studio\jre\bin\java.exe
0x00007fff75380000 - 0x00007fff75551000 	C:\WINDOWS\SYSTEM32\ntdll.dll
0x00007fff73760000 - 0x00007fff7380b000 	C:\WINDOWS\System32\KERNEL32.DLL
0x00007fff71c60000 - 0x00007fff71e7d000 	C:\WINDOWS\System32\KERNELBASE.dll
0x00007fff72a80000 - 0x00007fff72b22000 	C:\WINDOWS\System32\ADVAPI32.dll
0x00007fff73120000 - 0x00007fff731be000 	C:\WINDOWS\System32\msvcrt.dll
0x00007fff73840000 - 0x00007fff73899000 	C:\WINDOWS\System32\sechost.dll
0x00007fff72b30000 - 0x00007fff72c51000 	C:\WINDOWS\System32\RPCRT4.dll
0x00007fff72910000 - 0x00007fff72a75000 	C:\WINDOWS\System32\USER32.dll
0x00007fff71ac0000 - 0x00007fff71ade000 	C:\WINDOWS\System32\win32u.dll
0x00007fff72d00000 - 0x00007fff72d34000 	C:\WINDOWS\System32\GDI32.dll
0x00007fff71e80000 - 0x00007fff72002000 	C:\WINDOWS\System32\gdi32full.dll
0x00007fff66140000 - 0x00007fff663ba000 	C:\WINDOWS\WinSxS\amd64_microsoft.windows.common-controls_6595b64144ccf1df_6.0.14393.953_none_42151e83c686086b\COMCTL32.dll
0x00007fff73390000 - 0x00007fff73658000 	C:\WINDOWS\System32\combase.dll
0x00007fff71910000 - 0x00007fff71a05000 	C:\WINDOWS\System32\ucrtbase.dll
0x00007fff71b90000 - 0x00007fff71bfa000 	C:\WINDOWS\System32\bcryptPrimitives.dll
0x00007fff73810000 - 0x00007fff7383e000 	C:\WINDOWS\System32\IMM32.DLL
0x0000000066a70000 - 0x0000000066b42000 	C:\Program Files\Android\Android Studio\jre\jre\bin\msvcr100.dll
0x0000000066c30000 - 0x000000006746c000 	C:\Program Files\Android\Android Studio\jre\jre\bin\server\jvm.dll
0x00007fff730f0000 - 0x00007fff730f8000 	C:\WINDOWS\System32\PSAPI.DLL
0x00007fff6f720000 - 0x00007fff6f743000 	C:\WINDOWS\SYSTEM32\WINMM.dll
0x00007fff648a0000 - 0x00007fff648aa000 	C:\WINDOWS\SYSTEM32\VERSION.dll
0x00007fff5ef80000 - 0x00007fff5ef89000 	C:\WINDOWS\SYSTEM32\WSOCK32.dll
0x00007fff72d40000 - 0x00007fff72daa000 	C:\WINDOWS\System32\WS2_32.dll
0x0000000000570000 - 0x000000000059b000 	C:\WINDOWS\SYSTEM32\WINMMBASE.dll
0x00007fff72010000 - 0x00007fff72052000 	C:\WINDOWS\System32\cfgmgr32.dll
0x00007fff6e550000 - 0x00007fff6e55f000 	C:\Program Files\Android\Android Studio\jre\jre\bin\verify.dll
0x00007fff66650000 - 0x00007fff66679000 	C:\Program Files\Android\Android Studio\jre\jre\bin\java.dll
0x00007fff69070000 - 0x00007fff69086000 	C:\Program Files\Android\Android Studio\jre\jre\bin\zip.dll
0x00007fff73a40000 - 0x00007fff74f48000 	C:\WINDOWS\System32\SHELL32.dll
0x00007fff72230000 - 0x00007fff7290a000 	C:\WINDOWS\System32\windows.storage.dll
0x00007fff717f0000 - 0x00007fff7183c000 	C:\WINDOWS\System32\powrprof.dll
0x00007fff72e20000 - 0x00007fff72e72000 	C:\WINDOWS\System32\shlwapi.dll
0x00007fff717e0000 - 0x00007fff717ef000 	C:\WINDOWS\System32\kernel.appcore.dll
0x00007fff71a10000 - 0x00007fff71ab9000 	C:\WINDOWS\System32\shcore.dll
0x00007fff71850000 - 0x00007fff71864000 	C:\WINDOWS\System32\profapi.dll

VM Arguments:
jvm_args: -Djava.awt.headless=true -Xmx50g -Dfile.encoding=windows-1251 -Duser.country=RU -Duser.language=ru -Duser.variant 
java_command: com.android.dx.command.Main --dex --num-threads=4 --multi-dex --main-dex-list C:\Users\User\Documents\GitHub\weather\app\build\intermediates\multi-dex\debug\maindexlist.txt --output C:\Users\User\Documents\GitHub\weather\app\build\intermediates\transforms\dex\debug\folders\1000\1f\main C:\Users\User\Documents\GitHub\weather\app\build\intermediates\transforms\jarMerging\debug\jars\1\1f\combined.jar
java_class_path (initial): C:\Users\User\AppData\Local\Android\sdk\build-tools\25.0.2\lib\dx.jar
Launcher Type: SUN_STANDARD

Environment Variables:
PATH=C:\ProgramData\Oracle\Java\javapath;C:\Program Files\Broadcom\Broadcom 802.11 Network Adapter;C:\Program Files (x86)\NVIDIA Corporation\PhysX\Common;C:\Program Files (x86)\Intel\iCLS Client\;C:\Program Files\Intel\iCLS Client\;C:\Windows\system32;C:\Windows;C:\Windows\System32\Wbem;C:\Windows\System32\WindowsPowerShell\v1.0\;C:\Program Files\Intel\Intel(R) Management Engine Components\DAL;C:\Program Files\Intel\Intel(R) Management Engine Components\IPT;C:\Program Files (x86)\Intel\Intel(R) Management Engine Components\DAL;C:\Program Files (x86)\Intel\Intel(R) Management Engine Components\IPT;C:\Program Files\WIDCOMM\Bluetooth Software\;C:\Program Files\WIDCOMM\Bluetooth Software\syswow64;C:\Program Files\Acer\Remote Files\;C:\Program Files\OpenVPN\bin;C:\WINDOWS\system32;C:\WINDOWS;C:\WINDOWS\System32\Wbem;C:\WINDOWS\System32\WindowsPowerShell\v1.0\;C:\Users\User\AppData\Local\Microsoft\WindowsApps;
USERNAME=User
OS=Windows_NT
PROCESSOR_IDENTIFIER=Intel64 Family 6 Model 69 Stepping 1, GenuineIntel



---------------  S Y S T E M  ---------------

OS: Windows 10.0 , 64 bit Build 14393 (10.0.14393.0)

CPU:total 4 (2 cores per cpu, 2 threads per core) family 6 model 69 stepping 1, cmov, cx8, fxsr, mmx, sse, sse2, sse3, ssse3, sse4.1, sse4.2, popcnt, avx, avx2, aes, clmul, erms, lzcnt, ht, tsc, tscinvbit, bmi1, bmi2

Memory: 4k page, physical 8310040k(522204k free), swap 12406040k(6708k free)

vm_info: OpenJDK 64-Bit Server VM (25.112-b06) for windows-amd64 JRE (1.8.0_112-release-b06), built on Dec  8 2016 00:54:26 by "builder" with MS VC++ 10.0 (VS2010)

time: Sun Apr 23 01:35:40 2017
elapsed time: 39 seconds (0d 0h 0m 39s)

